<?xml version="1.0" encoding="UTF-8"?>
<!-- Generated by org.testng.reporters.JUnitReportReporter -->
<testsuite name="com.leanplum.AppTest" tests="1" time="4.051" ignored="0" failures="0" timestamp="05 VIII 2019 09:56:23 GMT" skipped="0" hostname="HristoS-E540" errors="0">
  <testcase name="open" time="4.051" classname="com.leanplum.AppTest"/>
</testsuite> <!-- com.leanplum.AppTest -->
